<?xml version="1.0" encoding="UTF-8"?>
<!-- Generated by org.testng.reporters.JUnitReportReporter -->
<testsuite hostname="Shubha" failures="0" tests="5" name="april15.Testingprogramme" time="0.011" errors="0" timestamp="06 May 2024 03:46:38 GMT" skipped="1">
  <testcase classname="april15.Testingprogramme" name="test01" time="0.008"/>
  <testcase classname="april15.Testingprogramme" name="test04" time="0.001"/>
  <testcase classname="april15.Testingprogramme" name="test03" time="0.001"/>
  <testcase classname="april15.Testingprogramme" name="test03" time="0.001"/>
  <testcase classname="april15.Testingprogramme" name="test02">
    <skipped/>
  </testcase> <!-- test02 -->
</testsuite> <!-- april15.Testingprogramme -->
